<?xml version="1.0" encoding="UTF-8"?>
<!-- Generated by org.testng.reporters.JUnitReportReporter -->
<testsuite hostname="LAPTOP-GLPUBTPG" failures="0" tests="4" name="dataDrivenInterviewPractice.DataProviderExample_03" time="50.312" errors="0" timestamp="2025-08-26T20:57:59 IST" skipped="0">
  <testcase classname="dataDrivenInterviewPractice.DataProviderExample_03" name="loginWithCorrectUserName" time="11.230"/>
  <testcase classname="dataDrivenInterviewPractice.DataProviderExample_03" name="loginWithCorrectUserName" time="12.981"/>
  <testcase classname="dataDrivenInterviewPractice.DataProviderExample_03" name="loginWithCorrectUserName" time="13.322"/>
  <testcase classname="dataDrivenInterviewPractice.DataProviderExample_03" name="loginWithCorrectUserName" time="12.779"/>
</testsuite> <!-- dataDrivenInterviewPractice.DataProviderExample_03 -->
