<?xml version="1.0" encoding="UTF-8"?>
<!-- Generated by org.testng.reporters.JUnitReportReporter -->
<testsuite hostname="LAPTOP-GLPUBTPG" failures="0" tests="3" name="testNGInterviewPractice.TestAnnotation" time="1.921" errors="0" timestamp="2025-08-25T20:43:16 IST" skipped="0">
  <testcase classname="testNGInterviewPractice.TestAnnotation" name="Google" time="0.733"/>
  <testcase classname="testNGInterviewPractice.TestAnnotation" name="Bing" time="0.490"/>
  <testcase classname="testNGInterviewPractice.TestAnnotation" name="Yahoo" time="0.698"/>
</testsuite> <!-- testNGInterviewPractice.TestAnnotation -->
