<?xml version="1.0" encoding="UTF-8"?>
<!-- Generated by org.testng.reporters.JUnitReportReporter -->
<testsuite hostname="LAPTOP-GLPUBTPG" failures="0" tests="2" name="testNGInterviewPractice.Parameterization" time="0.022" errors="0" timestamp="2025-08-26T08:35:15 IST" skipped="0">
  <testcase classname="testNGInterviewPractice.Parameterization" name="Details" time="0.013"/>
  <testcase classname="testNGInterviewPractice.Parameterization" name="Details" time="0.009"/>
</testsuite> <!-- testNGInterviewPractice.Parameterization -->
