<?xml version="1.0" encoding="UTF-8"?>
<!-- Generated by org.testng.reporters.JUnitReportReporter -->
<testsuite hostname="LAPTOP-GLPUBTPG" failures="0" tests="1" name="pomInterviewPractice_TestCases.Part_01_01_LoginandUdate" time="5.603" errors="0" timestamp="2025-08-28T08:45:05 IST" skipped="0">
  <testcase classname="pomInterviewPractice_TestCases.Part_01_01_LoginandUdate" name="LoginPage" time="5.603"/>
</testsuite> <!-- pomInterviewPractice_TestCases.Part_01_01_LoginandUdate -->
