<?xml version="1.0" encoding="UTF-8"?>
<!-- Generated by org.testng.reporters.JUnitReportReporter -->
<testsuite hostname="LAPTOP-GLPUBTPG" failures="0" tests="1" name="pomInterviewPractice_TestCases.Part_03_01_Login" time="4.016" errors="0" timestamp="2025-09-11T15:19:11 IST" skipped="0">
  <testcase classname="pomInterviewPractice_TestCases.Part_03_01_Login" name="LoginPage" time="4.016"/>
</testsuite> <!-- pomInterviewPractice_TestCases.Part_03_01_Login -->
