<?xml version="1.0" encoding="UTF-8"?>
<!-- Generated by org.testng.reporters.JUnitReportReporter -->
<testsuite hostname="LAPTOP-GLPUBTPG" failures="0" tests="1" name="pomInterviewPractice_TestCases.Part_03_01_Login" time="4.306" errors="0" timestamp="2025-08-28T07:47:06 IST" skipped="0">
  <testcase classname="pomInterviewPractice_TestCases.Part_03_01_Login" name="LoginPage" time="4.306"/>
</testsuite> <!-- pomInterviewPractice_TestCases.Part_03_01_Login -->
