<?xml version="1.0" encoding="UTF-8"?>
<!-- Generated by org.testng.reporters.JUnitReportReporter -->
<testsuite hostname="LAPTOP-GLPUBTPG" failures="0" tests="2" name="seleniumInterviewProgram.SeleniumInterviewPractice" time="2.027" errors="1" timestamp="2025-08-22T22:55:37 IST" skipped="0">
  <testcase classname="seleniumInterviewProgram.SeleniumInterviewPractice" name="test" time="2.025">
    <error message="Method seleniumInterviewProgram.SeleniumInterviewPractice.test() didn&#039;t finish within the time-out 2000" type="org.testng.internal.thread.ThreadTimeoutException">
      <![CDATA[org.testng.internal.thread.ThreadTimeoutException: Method seleniumInterviewProgram.SeleniumInterviewPractice.test() didn't finish within the time-out 2000
at java.base/java.lang.Thread.sleepNanos0(Native Method)
at java.base/java.lang.Thread.sleepNanos(Thread.java:496)
at java.base/java.lang.Thread.sleep(Thread.java:527)
at seleniumInterviewProgram.SeleniumInterviewPractice.test(SeleniumInterviewPractice.java:9)
at java.base/jdk.internal.reflect.DirectMethodHandleAccessor.invoke(DirectMethodHandleAccessor.java:103)
at java.base/java.lang.reflect.Method.invoke(Method.java:580)
at org.testng.internal.invokers.MethodInvocationHelper.invokeMethod(MethodInvocationHelper.java:141)
at org.testng.internal.invokers.InvokeMethodRunnable.runOne(InvokeMethodRunnable.java:47)
at org.testng.internal.invokers.InvokeMethodRunnable.call(InvokeMethodRunnable.java:76)
at org.testng.internal.invokers.InvokeMethodRunnable.call(InvokeMethodRunnable.java:11)
at java.base/java.util.concurrent.FutureTask.run(FutureTask.java:317)
at java.base/java.util.concurrent.ThreadPoolExecutor.runWorker(ThreadPoolExecutor.java:1144)
at java.base/java.util.concurrent.ThreadPoolExecutor$Worker.run(ThreadPoolExecutor.java:642)
at java.base/java.lang.Thread.run(Thread.java:1575)
]]>
    </error>
  </testcase> <!-- test -->
  <testcase classname="seleniumInterviewProgram.SeleniumInterviewPractice" name="test2" time="0.002"/>
</testsuite> <!-- seleniumInterviewProgram.SeleniumInterviewPractice -->
