<?xml version="1.0" encoding="UTF-8"?>
<!-- Generated by org.testng.reporters.JUnitReportReporter -->
<testsuite hostname="LAPTOP-GLPUBTPG" failures="0" tests="1" name="seleniumInterviewProgram.Part26_01_HandlingExceptionInTestNG" time="2.019" errors="0" timestamp="2025-08-14T17:44:08 IST" skipped="0">
  <testcase classname="seleniumInterviewProgram.Part26_01_HandlingExceptionInTestNG" name="testing" time="2.019"/>
</testsuite> <!-- seleniumInterviewProgram.Part26_01_HandlingExceptionInTestNG -->
