<?xml version="1.0" encoding="UTF-8"?>
<!-- Generated by org.testng.reporters.JUnitReportReporter -->
<testsuite hostname="LAPTOP-GLPUBTPG" failures="0" tests="1" name="pomInterviewPractice_TestCases.Part_01_Temp02_LoginAndUpdate" time="5.136" errors="0" timestamp="2025-08-28T09:01:26 IST" skipped="0">
  <testcase classname="pomInterviewPractice_TestCases.Part_01_Temp02_LoginAndUpdate" name="LoginPage" time="5.136"/>
</testsuite> <!-- pomInterviewPractice_TestCases.Part_01_Temp02_LoginAndUpdate -->
