<?xml version="1.0" encoding="UTF-8"?>
<!-- Generated by org.testng.reporters.JUnitReportReporter -->
<testsuite hostname="LAPTOP-GLPUBTPG" failures="0" tests="3" name="seleniumInterviewProgram.Part24_01_RunTestMultileTimesWithoutLoop_InvocationCount" time="0.011" errors="0" timestamp="2025-08-14T15:28:49 IST" skipped="0">
  <testcase classname="seleniumInterviewProgram.Part24_01_RunTestMultileTimesWithoutLoop_InvocationCount" name="Multipletime" time="0.009"/>
  <testcase classname="seleniumInterviewProgram.Part24_01_RunTestMultileTimesWithoutLoop_InvocationCount" name="Multipletime" time="0.001"/>
  <testcase classname="seleniumInterviewProgram.Part24_01_RunTestMultileTimesWithoutLoop_InvocationCount" name="Multipletime" time="0.001"/>
</testsuite> <!-- seleniumInterviewProgram.Part24_01_RunTestMultileTimesWithoutLoop_InvocationCount -->
