<?xml version="1.0" encoding="UTF-8"?>
<!-- Generated by org.testng.reporters.JUnitReportReporter -->
<testsuite hostname="LAPTOP-GLPUBTPG" failures="0" tests="2" name="seleniumInterviewProgram.Part16_TestNG_activeElementAndFindBy" time="5.058" errors="0" timestamp="2025-08-22T07:50:26 IST" skipped="0">
  <testcase classname="seleniumInterviewProgram.Part16_TestNG_activeElementAndFindBy" name="activeElement" time="2.013"/>
  <testcase classname="seleniumInterviewProgram.Part16_TestNG_activeElementAndFindBy" name="PageFactoryFindBy" time="3.045"/>
</testsuite> <!-- seleniumInterviewProgram.Part16_TestNG_activeElementAndFindBy -->
