<?xml version="1.0" encoding="UTF-8"?>
<!-- Generated by org.testng.reporters.JUnitReportReporter -->
<testsuite hostname="LAPTOP-GLPUBTPG" failures="0" tests="8" name="testNGInterviewPractice.AssertExample" time="0.020" errors="0" timestamp="2025-08-26T09:19:17 IST" skipped="0">
  <testcase classname="testNGInterviewPractice.AssertExample" name="assertTrueCheck_True" time="0.001"/>
  <testcase classname="testNGInterviewPractice.AssertExample" name="assertFalseCheck_True" time="0.001"/>
  <testcase classname="testNGInterviewPractice.AssertExample" name="assertEqualCheck_False" time="0.012"/>
  <testcase classname="testNGInterviewPractice.AssertExample" name="assertEqualCheck_True" time="0.001"/>
  <testcase classname="testNGInterviewPractice.AssertExample" name="assertFalseCheck_False" time="0.001"/>
  <testcase classname="testNGInterviewPractice.AssertExample" name="assertNotEqualCheck_True" time="0.001"/>
  <testcase classname="testNGInterviewPractice.AssertExample" name="assertTrueCheck_False" time="0.001"/>
  <testcase classname="testNGInterviewPractice.AssertExample" name="assertNotEqualCheck_False" time="0.002"/>
</testsuite> <!-- testNGInterviewPractice.AssertExample -->
