<?xml version="1.0" encoding="UTF-8"?>
<!-- Generated by org.testng.reporters.JUnitReportReporter -->
<testsuite hostname="LAPTOP-GLPUBTPG" failures="0" tests="3" name="testNGInterviewPractice.SuiteBeforeAfter" time="1.731" errors="0" timestamp="2025-08-26T08:35:15 IST" skipped="0">
  <testcase classname="testNGInterviewPractice.SuiteBeforeAfter" name="Bing" time="0.355"/>
  <testcase classname="testNGInterviewPractice.SuiteBeforeAfter" name="Yahoo" time="0.638"/>
  <testcase classname="testNGInterviewPractice.SuiteBeforeAfter" name="Google" time="0.738"/>
</testsuite> <!-- testNGInterviewPractice.SuiteBeforeAfter -->
