<?xml version="1.0" encoding="UTF-8"?>
<!-- Generated by org.testng.reporters.JUnitReportReporter -->
<testsuite hostname="LAPTOP-GLPUBTPG" failures="0" tests="4" name="testNGInterviewPractice.Groups" time="0.019" errors="0" timestamp="2025-08-26T08:35:15 IST" skipped="0">
  <testcase classname="testNGInterviewPractice.Groups" name="Tata2" time="0.003"/>
  <testcase classname="testNGInterviewPractice.Groups" name="Moto2" time="0.001"/>
  <testcase classname="testNGInterviewPractice.Groups" name="Tata1" time="0.004"/>
  <testcase classname="testNGInterviewPractice.Groups" name="Moto1" time="0.011"/>
</testsuite> <!-- testNGInterviewPractice.Groups -->
