<?xml version="1.0" encoding="UTF-8"?>
<!-- Generated by org.testng.reporters.JUnitReportReporter -->
<testsuite hostname="LAPTOP-GLPUBTPG" failures="0" tests="1" name="testNGInterviewPractice.Listener1" time="0.012" errors="0" timestamp="2025-08-26T09:54:06 IST" skipped="0">
  <testcase classname="testNGInterviewPractice.Listener1" name="firstTestCase" time="0.012"/>
</testsuite> <!-- testNGInterviewPractice.Listener1 -->
