<?xml version="1.0" encoding="UTF-8"?>
<!-- Generated by org.testng.reporters.JUnitReportReporter -->
<testsuite hostname="LAPTOP-GLPUBTPG" failures="0" tests="6" name="testNGInterviewPractice.Priority" time="0.020" errors="0" timestamp="2025-08-26T08:35:15 IST" skipped="1">
  <testcase classname="testNGInterviewPractice.Priority" name="StartACar" time="0.010"/>
  <testcase classname="testNGInterviewPractice.Priority" name="PutFirstGear" time="0.003"/>
  <testcase classname="testNGInterviewPractice.Priority" name="PutSecondGear" time="0.004"/>
  <testcase classname="testNGInterviewPractice.Priority" name="PutThirdGear" time="0.002"/>
  <testcase classname="testNGInterviewPractice.Priority" name="PutForthGear" time="0.001"/>
  <testcase classname="testNGInterviewPractice.Priority" name="playMusic">
    <skipped/>
  </testcase> <!-- playMusic -->
</testsuite> <!-- testNGInterviewPractice.Priority -->
