<?xml version="1.0" encoding="UTF-8"?>
<!-- Generated by org.testng.reporters.JUnitReportReporter -->
<testsuite hostname="LAPTOP-GLPUBTPG" failures="0" tests="1" name="pomInterviewPractice_TestCases.Part_02_01_LoginandUdate" time="5.659" errors="0" timestamp="2025-08-28T08:43:17 IST" skipped="0">
  <testcase classname="pomInterviewPractice_TestCases.Part_02_01_LoginandUdate" name="LoginPage" time="5.659"/>
</testsuite> <!-- pomInterviewPractice_TestCases.Part_02_01_LoginandUdate -->
