<?xml version="1.0" encoding="UTF-8"?>
<!-- Generated by org.testng.reporters.JUnitReportReporter -->
<testsuite hostname="LAPTOP-GLPUBTPG" failures="0" tests="1" name="testNGInterviewPractice.SampleTestCase" time="0.009" errors="0" timestamp="2025-08-26T09:58:21 IST" skipped="0">
  <testcase classname="testNGInterviewPractice.SampleTestCase" name="firstTestCase" time="0.009"/>
</testsuite> <!-- testNGInterviewPractice.SampleTestCase -->
