<?xml version="1.0" encoding="UTF-8"?>
<!-- Generated by org.testng.reporters.JUnitReportReporter -->
<testsuite hostname="LAPTOP-GLPUBTPG" failures="0" tests="2" name="seleniumInterviewProgram.Part23_01_AnnotationHierarchy" time="0.017" errors="0" timestamp="2025-08-22T20:25:51 IST" skipped="0">
  <testcase classname="seleniumInterviewProgram.Part23_01_AnnotationHierarchy" name="test2" time="0.009"/>
  <testcase classname="seleniumInterviewProgram.Part23_01_AnnotationHierarchy" name="test1" time="0.008"/>
</testsuite> <!-- seleniumInterviewProgram.Part23_01_AnnotationHierarchy -->
