<?xml version="1.0" encoding="UTF-8"?>
<!-- Generated by org.testng.reporters.JUnitReportReporter -->
<testsuite hostname="LAPTOP-GLPUBTPG" failures="0" tests="2" name="testNGInterviewPractice.Parallel" time="8.894" errors="0" timestamp="2025-08-26T08:40:44 IST" skipped="0">
  <testcase classname="testNGInterviewPractice.Parallel" name="Yahoo" time="4.506"/>
  <testcase classname="testNGInterviewPractice.Parallel" name="Google" time="4.388"/>
</testsuite> <!-- testNGInterviewPractice.Parallel -->
