<?xml version="1.0" encoding="UTF-8"?>
<!-- Generated by org.testng.reporters.JUnitReportReporter -->
<testsuite hostname="LAPTOP-GLPUBTPG" failures="0" tests="2" name="seleniumInterviewProgram.AnnotationHierarchy" time="0.008" errors="0" timestamp="2025-08-14T15:20:18 IST" skipped="0">
  <testcase classname="seleniumInterviewProgram.AnnotationHierarchy" name="test2" time="0.003"/>
  <testcase classname="seleniumInterviewProgram.AnnotationHierarchy" name="test1" time="0.005"/>
</testsuite> <!-- seleniumInterviewProgram.AnnotationHierarchy -->
