<?xml version="1.0" encoding="UTF-8"?>
<!-- Generated by org.testng.reporters.JUnitReportReporter -->
<testsuite hostname="LAPTOP-GLPUBTPG" failures="0" tests="1" name="seleniumInterviewProgram.Part25_01_timeOut" time="2.017" errors="1" timestamp="2025-08-14T15:39:10 IST" skipped="0">
  <testcase classname="seleniumInterviewProgram.Part25_01_timeOut" name="testing" time="2.017">
    <error message="Method seleniumInterviewProgram.Part25_01_timeOut.testing() didn&#039;t finish within the time-out 2000" type="org.testng.internal.thread.ThreadTimeoutException">
      <![CDATA[org.testng.internal.thread.ThreadTimeoutException: Method seleniumInterviewProgram.Part25_01_timeOut.testing() didn't finish within the time-out 2000
at java.base/java.lang.Thread.sleepNanos0(Native Method)
at java.base/java.lang.Thread.sleepNanos(Thread.java:496)
at java.base/java.lang.Thread.sleep(Thread.java:527)
at seleniumInterviewProgram.Part25_01_timeOut.testing(Part25_01_timeOut.java:9)
at java.base/jdk.internal.reflect.DirectMethodHandleAccessor.invoke(DirectMethodHandleAccessor.java:103)
at java.base/java.lang.reflect.Method.invoke(Method.java:580)
at org.testng.internal.invokers.MethodInvocationHelper.invokeMethod(MethodInvocationHelper.java:141)
at org.testng.internal.invokers.InvokeMethodRunnable.runOne(InvokeMethodRunnable.java:47)
at org.testng.internal.invokers.InvokeMethodRunnable.call(InvokeMethodRunnable.java:76)
at org.testng.internal.invokers.InvokeMethodRunnable.call(InvokeMethodRunnable.java:11)
at java.base/java.util.concurrent.FutureTask.run(FutureTask.java:317)
at java.base/java.util.concurrent.ThreadPoolExecutor.runWorker(ThreadPoolExecutor.java:1144)
at java.base/java.util.concurrent.ThreadPoolExecutor$Worker.run(ThreadPoolExecutor.java:642)
at java.base/java.lang.Thread.run(Thread.java:1575)
]]>
    </error>
  </testcase> <!-- testing -->
</testsuite> <!-- seleniumInterviewProgram.Part25_01_timeOut -->
